
------------------ NEW ----------------
Timestamp: 16-10-2019 00:10

Analysis configuration
save_coldata: True
obs_vars: ['ang4487aer']
obs_vars_rename: {}
obs_vert_type: None
model_vert_type_alt: None
read_opts_ungridded: None
obs_ts_type_read: None
model_use_vars: None
model_add_vars: None
model_keep_outliers: True
model_id: CAM53-Oslo_7310_MG15CLM45_5feb2017IHK_53OSLO_PD_UNTUNED
model_name: None
obs_id: AeronetSunV3Lev2.daily
obs_name: None
start: 2010
stop: None
ts_type: monthly
filter_name: WORLD-noMOUNTAINS
remove_outliers: True
apply_time_resampling_constraints: True
min_num_obs: {'yearly': {'monthly': 3}, 'monthly': {'daily': 7}, 'daily': {'hourly': 6}, 'hourly': {'minutely': 15}}
var_outlier_ranges: None
harmonise_units: False
vert_scheme: None
regrid_res_deg: None
ignore_station_names: None
basedir_coldata: .
model_ts_type_read: None
model_read_aux: None
model_use_climatology: False
colocate_time: False
flex_ts_type_gridded: True
reanalyse_existing: True
raise_exceptions: False
_log: <_io.TextIOWrapper name='./logfiles/CAM53-Oslo_7310_MG15CLM45_5feb2017IHK_53OSLO_PD_UNTUNED/AeronetSunV3Lev2.daily_20191016.log' mode='a+' encoding='UTF-8'>
logging: True
data: {'TM5_AP3-CTRL2919': {'ang4487aer': <xarray.DataArray 'ang4487aer' (data_source: 2, time: 12, station_name: 264)>
array([[[     nan, 1.128966, ...,      nan, 0.259995],
        [     nan, 0.890816, ...,      nan, 0.305093],
        ...,
        [1.346214, 0.934353, ...,      nan, 0.494529],
        [     nan,      nan, ...,      nan, 0.489275]],

       [[0.867116, 0.737737, ..., 1.355472, 0.622317],
        [0.9829  , 0.305702, ..., 1.235905, 0.443166],
        ...,
        [1.284731, 0.657773, ..., 1.386418, 0.62829 ],
        [1.142794, 0.750162, ..., 1.374116, 0.413073]]])
Coordinates:
  * data_source   (data_source) <U22 'AeronetSunV3Lev2.daily' 'TM5_AP3-CTRL2919'
    var_name      (data_source) <U10 'ang4487aer' 'ang4487aer'
    var_units     (data_source) <U1 '1' '1'
    ts_type_src   (data_source) <U7 'daily' 'monthly'
  * time          (time) datetime64[ns] 2010-01-01 2010-02-01 ... 2010-12-01
  * station_name  (station_name) <U19 'ARM_Darwin' ... 'Zinder_Airport'
    latitude      (station_name) float64 -12.43 37.97 15.35 ... 62.45 13.78
    longitude     (station_name) float64 130.9 23.72 -1.479 ... -114.4 8.99
    altitude      (station_name) float64 29.9 130.0 305.0 ... 300.0 220.8 456.0
Attributes:
    data_source:        ['AeronetSunV3Lev2.daily', 'TM5_AP3-CTRL2919']
    var_name:           ['ang4487aer', 'ang4487aer']
    ts_type:            monthly
    filter_name:        WORLD-noMOUNTAINS
    ts_type_src:        ['daily', 'monthly']
    start_str:          20100101
    stop_str:           20101231
    var_units:          ['1', '1']
    vert_scheme:        None
    data_level:         3
    revision_ref:       20190920
    from_files:         ['aerocom3_TM5_AP3-CTRL2019_od440aer_Column_2010_mont...
    from_files_ref:     None
    stations_ignored:   None
    colocate_time:      0
    apply_constraints:  1
    region:             WORLD
    lon_range:          [-180, 180]
    lat_range:          [-90, 90]
    alt_range:          [-1000000.0, 1000.0]
    _min_num_obs:       yearly,monthly,3;monthly,daily,7;daily,hourly,6;hourl...}}
file_status: {'ang4487aer_REF-AeronetSunV3Lev2.daily_MOD-TM5_AP3-CTRL2919_20100101_20101231_monthly_WORLD-noMOUNTAINS.nc': 'saved'}


Model: CAM53-Oslo_7310_MG15CLM45_5feb2017IHK_53OSLO_PD_UNTUNED
WRITE: ang4487aer_REF-AeronetSunV3Lev2.daily_MOD-CAM53-Oslo_7310_MG15CLM45_5feb2017IHK_53OSLO_PD_UNTUNED_20100101_20101231_monthly_WORLD-noMOUNTAINS.nc

------------------ NEW ----------------
Timestamp: 16-10-2019 00:12

Analysis configuration
save_coldata: True
obs_vars: ['ang4487aer']
obs_vars_rename: {}
obs_vert_type: None
model_vert_type_alt: None
read_opts_ungridded: None
obs_ts_type_read: None
model_use_vars: None
model_add_vars: None
model_keep_outliers: True
model_id: CAM53-Oslo_7310_MG15CLM45_5feb2017IHK_53OSLO_PD_UNTUNED
model_name: None
obs_id: AeronetSunV3Lev2.daily
obs_name: None
start: 2010
stop: None
ts_type: monthly
filter_name: WORLD-noMOUNTAINS
remove_outliers: True
apply_time_resampling_constraints: True
min_num_obs: {'yearly': {'monthly': 3}, 'monthly': {'daily': 7}, 'daily': {'hourly': 6}, 'hourly': {'minutely': 15}}
var_outlier_ranges: None
harmonise_units: False
vert_scheme: None
regrid_res_deg: None
ignore_station_names: None
basedir_coldata: .
model_ts_type_read: None
model_read_aux: None
model_use_climatology: False
colocate_time: False
flex_ts_type_gridded: True
reanalyse_existing: True
raise_exceptions: False
_log: <_io.TextIOWrapper name='./logfiles/CAM53-Oslo_7310_MG15CLM45_5feb2017IHK_53OSLO_PD_UNTUNED/AeronetSunV3Lev2.daily_20191016.log' mode='a+' encoding='UTF-8'>
logging: True
data: {'TM5_AP3-CTRL2919': {'ang4487aer': <xarray.DataArray 'ang4487aer' (data_source: 2, time: 12, station_name: 264)>
array([[[     nan, 1.128966, ...,      nan, 0.259995],
        [     nan, 0.890816, ...,      nan, 0.305093],
        ...,
        [1.346214, 0.934353, ...,      nan, 0.494529],
        [     nan,      nan, ...,      nan, 0.489275]],

       [[0.867116, 0.737737, ..., 1.355472, 0.622317],
        [0.9829  , 0.305702, ..., 1.235905, 0.443166],
        ...,
        [1.284731, 0.657773, ..., 1.386418, 0.62829 ],
        [1.142794, 0.750162, ..., 1.374116, 0.413073]]])
Coordinates:
  * data_source   (data_source) <U22 'AeronetSunV3Lev2.daily' 'TM5_AP3-CTRL2919'
    var_name      (data_source) <U10 'ang4487aer' 'ang4487aer'
    var_units     (data_source) <U1 '1' '1'
    ts_type_src   (data_source) <U7 'daily' 'monthly'
  * time          (time) datetime64[ns] 2010-01-01 2010-02-01 ... 2010-12-01
  * station_name  (station_name) <U19 'ARM_Darwin' ... 'Zinder_Airport'
    latitude      (station_name) float64 -12.43 37.97 15.35 ... 62.45 13.78
    longitude     (station_name) float64 130.9 23.72 -1.479 ... -114.4 8.99
    altitude      (station_name) float64 29.9 130.0 305.0 ... 300.0 220.8 456.0
Attributes:
    data_source:        ['AeronetSunV3Lev2.daily', 'TM5_AP3-CTRL2919']
    var_name:           ['ang4487aer', 'ang4487aer']
    ts_type:            monthly
    filter_name:        WORLD-noMOUNTAINS
    ts_type_src:        ['daily', 'monthly']
    start_str:          20100101
    stop_str:           20101231
    var_units:          ['1', '1']
    vert_scheme:        None
    data_level:         3
    revision_ref:       20190920
    from_files:         ['aerocom3_TM5_AP3-CTRL2019_od440aer_Column_2010_mont...
    from_files_ref:     None
    stations_ignored:   None
    colocate_time:      0
    apply_constraints:  1
    region:             WORLD
    lon_range:          [-180, 180]
    lat_range:          [-90, 90]
    alt_range:          [-1000000.0, 1000.0]
    _min_num_obs:       yearly,monthly,3;monthly,daily,7;daily,hourly,6;hourl...}, 'CAM53-Oslo_7310_MG15CLM45_5feb2017IHK_53OSLO_PD_UNTUNED': {'ang4487aer': <xarray.DataArray 'ang4487aer' (data_source: 2, time: 12, station_name: 264)>
array([[[     nan, 1.128966, ...,      nan, 0.259995],
        [     nan, 0.890816, ...,      nan, 0.305093],
        ...,
        [1.346214, 0.934353, ...,      nan, 0.494529],
        [     nan,      nan, ...,      nan, 0.489275]],

       [[0.398687, 0.122253, ..., 0.62828 , 0.380946],
        [0.455879, 0.160884, ..., 0.514841, 0.361814],
        ...,
        [0.786345, 0.334055, ..., 0.531424, 0.328553],
        [0.51464 , 0.250913, ..., 0.678766, 0.367501]]])
Coordinates:
  * data_source   (data_source) <U55 'AeronetSunV3Lev2.daily' 'CAM53-Oslo_7310_MG15CLM45_5feb2017IHK_53OSLO_PD_UNTUNED'
    var_name      (data_source) <U10 'ang4487aer' 'ang4487aer'
    var_units     (data_source) <U1 '1' '1'
    ts_type_src   (data_source) <U7 'daily' 'monthly'
  * time          (time) datetime64[ns] 2010-01-01 2010-02-01 ... 2010-12-01
  * station_name  (station_name) <U19 'ARM_Darwin' ... 'Zinder_Airport'
    latitude      (station_name) float64 -12.43 37.97 15.35 ... 62.45 13.78
    longitude     (station_name) float64 130.9 23.72 -1.479 ... -114.4 8.99
    altitude      (station_name) float64 29.9 130.0 305.0 ... 300.0 220.8 456.0
Attributes:
    data_source:        ['AeronetSunV3Lev2.daily', 'CAM53-Oslo_7310_MG15CLM45...
    var_name:           ['ang4487aer', 'ang4487aer']
    ts_type:            monthly
    filter_name:        WORLD-noMOUNTAINS
    ts_type_src:        ['daily', 'monthly']
    start_str:          20100101
    stop_str:           20101231
    var_units:          ['1', '1']
    vert_scheme:        None
    data_level:         3
    revision_ref:       20190920
    from_files:         ['aerocom3_CAM53-Oslo_7310_MG15CLM45_5feb2017IHK_53OS...
    from_files_ref:     None
    stations_ignored:   None
    colocate_time:      0
    apply_constraints:  1
    region:             WORLD
    lon_range:          [-180, 180]
    lat_range:          [-90, 90]
    alt_range:          [-1000000.0, 1000.0]
    _min_num_obs:       yearly,monthly,3;monthly,daily,7;daily,hourly,6;hourl...}}
file_status: {'ang4487aer_REF-AeronetSunV3Lev2.daily_MOD-TM5_AP3-CTRL2919_20100101_20101231_monthly_WORLD-noMOUNTAINS.nc': 'saved', 'ang4487aer_REF-AeronetSunV3Lev2.daily_MOD-CAM53-Oslo_7310_MG15CLM45_5feb2017IHK_53OSLO_PD_UNTUNED_20100101_20101231_monthly_WORLD-noMOUNTAINS.nc': 'saved'}


Model: CAM53-Oslo_7310_MG15CLM45_5feb2017IHK_53OSLO_PD_UNTUNED
WRITE: ang4487aer_REF-AeronetSunV3Lev2.daily_MOD-CAM53-Oslo_7310_MG15CLM45_5feb2017IHK_53OSLO_PD_UNTUNED_20100101_20101231_monthly_WORLD-noMOUNTAINS.nc

------------------ NEW ----------------
Timestamp: 16-10-2019 00:14

Analysis configuration
save_coldata: True
obs_vars: ['ang4487aer']
obs_vars_rename: {}
obs_vert_type: None
model_vert_type_alt: None
read_opts_ungridded: None
obs_ts_type_read: None
model_use_vars: None
model_add_vars: None
model_keep_outliers: True
model_id: CAM53-Oslo_7310_MG15CLM45_5feb2017IHK_53OSLO_PD_UNTUNED
model_name: None
obs_id: AeronetSunV3Lev2.daily
obs_name: None
start: 2010
stop: None
ts_type: monthly
filter_name: WORLD-noMOUNTAINS
remove_outliers: True
apply_time_resampling_constraints: True
min_num_obs: {'yearly': {'monthly': 3}, 'monthly': {'daily': 7}, 'daily': {'hourly': 6}, 'hourly': {'minutely': 15}}
var_outlier_ranges: None
harmonise_units: False
vert_scheme: None
regrid_res_deg: None
ignore_station_names: None
basedir_coldata: .
model_ts_type_read: None
model_read_aux: None
model_use_climatology: False
colocate_time: False
flex_ts_type_gridded: True
reanalyse_existing: True
raise_exceptions: False
_log: <_io.TextIOWrapper name='./logfiles/CAM53-Oslo_7310_MG15CLM45_5feb2017IHK_53OSLO_PD_UNTUNED/AeronetSunV3Lev2.daily_20191016.log' mode='a+' encoding='UTF-8'>
logging: True
data: {'TM5_AP3-CTRL2919': {'ang4487aer': <xarray.DataArray 'ang4487aer' (data_source: 2, time: 12, station_name: 264)>
array([[[     nan, 1.128966, ...,      nan, 0.259995],
        [     nan, 0.890816, ...,      nan, 0.305093],
        ...,
        [1.346214, 0.934353, ...,      nan, 0.494529],
        [     nan,      nan, ...,      nan, 0.489275]],

       [[0.867116, 0.737737, ..., 1.355472, 0.622317],
        [0.9829  , 0.305702, ..., 1.235905, 0.443166],
        ...,
        [1.284731, 0.657773, ..., 1.386418, 0.62829 ],
        [1.142794, 0.750162, ..., 1.374116, 0.413073]]])
Coordinates:
  * data_source   (data_source) <U22 'AeronetSunV3Lev2.daily' 'TM5_AP3-CTRL2919'
    var_name      (data_source) <U10 'ang4487aer' 'ang4487aer'
    var_units     (data_source) <U1 '1' '1'
    ts_type_src   (data_source) <U7 'daily' 'monthly'
  * time          (time) datetime64[ns] 2010-01-01 2010-02-01 ... 2010-12-01
  * station_name  (station_name) <U19 'ARM_Darwin' ... 'Zinder_Airport'
    latitude      (station_name) float64 -12.43 37.97 15.35 ... 62.45 13.78
    longitude     (station_name) float64 130.9 23.72 -1.479 ... -114.4 8.99
    altitude      (station_name) float64 29.9 130.0 305.0 ... 300.0 220.8 456.0
Attributes:
    data_source:        ['AeronetSunV3Lev2.daily', 'TM5_AP3-CTRL2919']
    var_name:           ['ang4487aer', 'ang4487aer']
    ts_type:            monthly
    filter_name:        WORLD-noMOUNTAINS
    ts_type_src:        ['daily', 'monthly']
    start_str:          20100101
    stop_str:           20101231
    var_units:          ['1', '1']
    vert_scheme:        None
    data_level:         3
    revision_ref:       20190920
    from_files:         ['aerocom3_TM5_AP3-CTRL2019_od440aer_Column_2010_mont...
    from_files_ref:     None
    stations_ignored:   None
    colocate_time:      0
    apply_constraints:  1
    region:             WORLD
    lon_range:          [-180, 180]
    lat_range:          [-90, 90]
    alt_range:          [-1000000.0, 1000.0]
    _min_num_obs:       yearly,monthly,3;monthly,daily,7;daily,hourly,6;hourl...}, 'CAM53-Oslo_7310_MG15CLM45_5feb2017IHK_53OSLO_PD_UNTUNED': {'ang4487aer': <xarray.DataArray 'ang4487aer' (data_source: 2, time: 12, station_name: 264)>
array([[[     nan, 1.128966, ...,      nan, 0.259995],
        [     nan, 0.890816, ...,      nan, 0.305093],
        ...,
        [1.346214, 0.934353, ...,      nan, 0.494529],
        [     nan,      nan, ...,      nan, 0.489275]],

       [[0.398687, 0.122253, ..., 0.62828 , 0.380946],
        [0.455879, 0.160884, ..., 0.514841, 0.361814],
        ...,
        [0.786345, 0.334055, ..., 0.531424, 0.328553],
        [0.51464 , 0.250913, ..., 0.678766, 0.367501]]])
Coordinates:
  * data_source   (data_source) <U55 'AeronetSunV3Lev2.daily' 'CAM53-Oslo_7310_MG15CLM45_5feb2017IHK_53OSLO_PD_UNTUNED'
    var_name      (data_source) <U10 'ang4487aer' 'ang4487aer'
    var_units     (data_source) <U1 '1' '1'
    ts_type_src   (data_source) <U7 'daily' 'monthly'
  * time          (time) datetime64[ns] 2010-01-01 2010-02-01 ... 2010-12-01
  * station_name  (station_name) <U19 'ARM_Darwin' ... 'Zinder_Airport'
    latitude      (station_name) float64 -12.43 37.97 15.35 ... 62.45 13.78
    longitude     (station_name) float64 130.9 23.72 -1.479 ... -114.4 8.99
    altitude      (station_name) float64 29.9 130.0 305.0 ... 300.0 220.8 456.0
Attributes:
    data_source:        ['AeronetSunV3Lev2.daily', 'CAM53-Oslo_7310_MG15CLM45...
    var_name:           ['ang4487aer', 'ang4487aer']
    ts_type:            monthly
    filter_name:        WORLD-noMOUNTAINS
    ts_type_src:        ['daily', 'monthly']
    start_str:          20100101
    stop_str:           20101231
    var_units:          ['1', '1']
    vert_scheme:        None
    data_level:         3
    revision_ref:       20190920
    from_files:         ['aerocom3_CAM53-Oslo_7310_MG15CLM45_5feb2017IHK_53OS...
    from_files_ref:     None
    stations_ignored:   None
    colocate_time:      0
    apply_constraints:  1
    region:             WORLD
    lon_range:          [-180, 180]
    lat_range:          [-90, 90]
    alt_range:          [-1000000.0, 1000.0]
    _min_num_obs:       yearly,monthly,3;monthly,daily,7;daily,hourly,6;hourl...}}
file_status: {'ang4487aer_REF-AeronetSunV3Lev2.daily_MOD-TM5_AP3-CTRL2919_20100101_20101231_monthly_WORLD-noMOUNTAINS.nc': 'saved', 'ang4487aer_REF-AeronetSunV3Lev2.daily_MOD-CAM53-Oslo_7310_MG15CLM45_5feb2017IHK_53OSLO_PD_UNTUNED_20100101_20101231_monthly_WORLD-noMOUNTAINS.nc': 'saved'}


Model: CAM53-Oslo_7310_MG15CLM45_5feb2017IHK_53OSLO_PD_UNTUNED
WRITE: ang4487aer_REF-AeronetSunV3Lev2.daily_MOD-CAM53-Oslo_7310_MG15CLM45_5feb2017IHK_53OSLO_PD_UNTUNED_20100101_20101231_monthly_WORLD-noMOUNTAINS.nc

------------------ NEW ----------------
Timestamp: 16-10-2019 00:17

Analysis configuration
save_coldata: True
obs_vars: ['ang4487aer']
obs_vars_rename: {}
obs_vert_type: None
model_vert_type_alt: None
read_opts_ungridded: None
obs_ts_type_read: None
model_use_vars: None
model_add_vars: None
model_keep_outliers: True
model_id: CAM53-Oslo_7310_MG15CLM45_5feb2017IHK_53OSLO_PD_UNTUNED
model_name: None
obs_id: AeronetSunV3Lev2.daily
obs_name: None
start: 2010
stop: None
ts_type: monthly
filter_name: WORLD-noMOUNTAINS
remove_outliers: True
apply_time_resampling_constraints: True
min_num_obs: {'yearly': {'monthly': 3}, 'monthly': {'daily': 7}, 'daily': {'hourly': 6}, 'hourly': {'minutely': 15}}
var_outlier_ranges: None
harmonise_units: False
vert_scheme: None
regrid_res_deg: None
ignore_station_names: None
basedir_coldata: .
model_ts_type_read: None
model_read_aux: None
model_use_climatology: False
colocate_time: False
flex_ts_type_gridded: True
reanalyse_existing: True
raise_exceptions: False
_log: <_io.TextIOWrapper name='./logfiles/CAM53-Oslo_7310_MG15CLM45_5feb2017IHK_53OSLO_PD_UNTUNED/AeronetSunV3Lev2.daily_20191016.log' mode='a+' encoding='UTF-8'>
logging: True
data: {'TM5_AP3-CTRL2919': {'ang4487aer': <xarray.DataArray 'ang4487aer' (data_source: 2, time: 12, station_name: 264)>
array([[[     nan, 1.128966, ...,      nan, 0.259995],
        [     nan, 0.890816, ...,      nan, 0.305093],
        ...,
        [1.346214, 0.934353, ...,      nan, 0.494529],
        [     nan,      nan, ...,      nan, 0.489275]],

       [[0.867116, 0.737737, ..., 1.355472, 0.622317],
        [0.9829  , 0.305702, ..., 1.235905, 0.443166],
        ...,
        [1.284731, 0.657773, ..., 1.386418, 0.62829 ],
        [1.142794, 0.750162, ..., 1.374116, 0.413073]]])
Coordinates:
  * data_source   (data_source) <U22 'AeronetSunV3Lev2.daily' 'TM5_AP3-CTRL2919'
    var_name      (data_source) <U10 'ang4487aer' 'ang4487aer'
    var_units     (data_source) <U1 '1' '1'
    ts_type_src   (data_source) <U7 'daily' 'monthly'
  * time          (time) datetime64[ns] 2010-01-01 2010-02-01 ... 2010-12-01
  * station_name  (station_name) <U19 'ARM_Darwin' ... 'Zinder_Airport'
    latitude      (station_name) float64 -12.43 37.97 15.35 ... 62.45 13.78
    longitude     (station_name) float64 130.9 23.72 -1.479 ... -114.4 8.99
    altitude      (station_name) float64 29.9 130.0 305.0 ... 300.0 220.8 456.0
Attributes:
    data_source:        ['AeronetSunV3Lev2.daily', 'TM5_AP3-CTRL2919']
    var_name:           ['ang4487aer', 'ang4487aer']
    ts_type:            monthly
    filter_name:        WORLD-noMOUNTAINS
    ts_type_src:        ['daily', 'monthly']
    start_str:          20100101
    stop_str:           20101231
    var_units:          ['1', '1']
    vert_scheme:        None
    data_level:         3
    revision_ref:       20190920
    from_files:         ['aerocom3_TM5_AP3-CTRL2019_od440aer_Column_2010_mont...
    from_files_ref:     None
    stations_ignored:   None
    colocate_time:      0
    apply_constraints:  1
    region:             WORLD
    lon_range:          [-180, 180]
    lat_range:          [-90, 90]
    alt_range:          [-1000000.0, 1000.0]
    _min_num_obs:       yearly,monthly,3;monthly,daily,7;daily,hourly,6;hourl...}}
file_status: {'ang4487aer_REF-AeronetSunV3Lev2.daily_MOD-TM5_AP3-CTRL2919_20100101_20101231_monthly_WORLD-noMOUNTAINS.nc': 'saved'}


Model: CAM53-Oslo_7310_MG15CLM45_5feb2017IHK_53OSLO_PD_UNTUNED
WRITE: ang4487aer_REF-AeronetSunV3Lev2.daily_MOD-CAM53-Oslo_7310_MG15CLM45_5feb2017IHK_53OSLO_PD_UNTUNED_20100101_20101231_monthly_WORLD-noMOUNTAINS.nc

------------------ NEW ----------------
Timestamp: 16-10-2019 00:25

Analysis configuration
save_coldata: True
obs_vars: ['ang4487aer']
obs_vars_rename: {}
obs_vert_type: None
model_vert_type_alt: None
read_opts_ungridded: None
obs_ts_type_read: None
model_use_vars: None
model_add_vars: None
model_keep_outliers: True
model_id: CAM53-Oslo_7310_MG15CLM45_5feb2017IHK_53OSLO_PD_UNTUNED
model_name: None
obs_id: AeronetSunV3Lev2.daily
obs_name: None
start: 2010
stop: None
ts_type: monthly
filter_name: WORLD-noMOUNTAINS
remove_outliers: True
apply_time_resampling_constraints: True
min_num_obs: {'yearly': {'monthly': 3}, 'monthly': {'daily': 7}, 'daily': {'hourly': 6}, 'hourly': {'minutely': 15}}
var_outlier_ranges: None
harmonise_units: False
vert_scheme: None
regrid_res_deg: None
ignore_station_names: None
basedir_coldata: .
model_ts_type_read: None
model_read_aux: None
model_use_climatology: False
colocate_time: False
flex_ts_type_gridded: True
reanalyse_existing: True
raise_exceptions: False
_log: <_io.TextIOWrapper name='./logfiles/CAM53-Oslo_7310_MG15CLM45_5feb2017IHK_53OSLO_PD_UNTUNED/AeronetSunV3Lev2.daily_20191016.log' mode='a+' encoding='UTF-8'>
logging: True
data: {'TM5_AP3-CTRL2919': {'ang4487aer': <xarray.DataArray 'ang4487aer' (data_source: 2, time: 12, station_name: 264)>
array([[[     nan, 1.128966, ...,      nan, 0.259995],
        [     nan, 0.890816, ...,      nan, 0.305093],
        ...,
        [1.346214, 0.934353, ...,      nan, 0.494529],
        [     nan,      nan, ...,      nan, 0.489275]],

       [[0.867116, 0.737737, ..., 1.355472, 0.622317],
        [0.9829  , 0.305702, ..., 1.235905, 0.443166],
        ...,
        [1.284731, 0.657773, ..., 1.386418, 0.62829 ],
        [1.142794, 0.750162, ..., 1.374116, 0.413073]]])
Coordinates:
  * data_source   (data_source) <U22 'AeronetSunV3Lev2.daily' 'TM5_AP3-CTRL2919'
    var_name      (data_source) <U10 'ang4487aer' 'ang4487aer'
    var_units     (data_source) <U1 '1' '1'
    ts_type_src   (data_source) <U7 'daily' 'monthly'
  * time          (time) datetime64[ns] 2010-01-01 2010-02-01 ... 2010-12-01
  * station_name  (station_name) <U19 'ARM_Darwin' ... 'Zinder_Airport'
    latitude      (station_name) float64 -12.43 37.97 15.35 ... 62.45 13.78
    longitude     (station_name) float64 130.9 23.72 -1.479 ... -114.4 8.99
    altitude      (station_name) float64 29.9 130.0 305.0 ... 300.0 220.8 456.0
Attributes:
    data_source:        ['AeronetSunV3Lev2.daily', 'TM5_AP3-CTRL2919']
    var_name:           ['ang4487aer', 'ang4487aer']
    ts_type:            monthly
    filter_name:        WORLD-noMOUNTAINS
    ts_type_src:        ['daily', 'monthly']
    start_str:          20100101
    stop_str:           20101231
    var_units:          ['1', '1']
    vert_scheme:        None
    data_level:         3
    revision_ref:       20190920
    from_files:         ['aerocom3_TM5_AP3-CTRL2019_od440aer_Column_2010_mont...
    from_files_ref:     None
    stations_ignored:   None
    colocate_time:      0
    apply_constraints:  1
    region:             WORLD
    lon_range:          [-180, 180]
    lat_range:          [-90, 90]
    alt_range:          [-1000000.0, 1000.0]
    _min_num_obs:       yearly,monthly,3;monthly,daily,7;daily,hourly,6;hourl...}}
file_status: {'ang4487aer_REF-AeronetSunV3Lev2.daily_MOD-TM5_AP3-CTRL2919_20100101_20101231_monthly_WORLD-noMOUNTAINS.nc': 'saved'}


Model: CAM53-Oslo_7310_MG15CLM45_5feb2017IHK_53OSLO_PD_UNTUNED
WRITE: ang4487aer_REF-AeronetSunV3Lev2.daily_MOD-CAM53-Oslo_7310_MG15CLM45_5feb2017IHK_53OSLO_PD_UNTUNED_20100101_20101231_monthly_WORLD-noMOUNTAINS.nc
<<<<<<< HEAD

------------------ NEW ----------------
Timestamp: 16-10-2019 14:48

Analysis configuration
save_coldata: True
obs_vars: ['ang4487aer']
obs_vars_rename: {}
obs_vert_type: None
model_vert_type_alt: None
read_opts_ungridded: None
obs_ts_type_read: None
model_use_vars: None
model_add_vars: None
model_keep_outliers: True
model_id: CAM53-Oslo_7310_MG15CLM45_5feb2017IHK_53OSLO_PD_UNTUNED
model_name: None
obs_id: AeronetSunV3Lev2.daily
obs_name: None
start: 2010
stop: None
ts_type: monthly
filter_name: WORLD-noMOUNTAINS
remove_outliers: True
apply_time_resampling_constraints: True
min_num_obs: {'yearly': {'monthly': 3}, 'monthly': {'daily': 7}, 'daily': {'hourly': 6}, 'hourly': {'minutely': 15}}
var_outlier_ranges: None
harmonise_units: False
vert_scheme: None
regrid_res_deg: None
ignore_station_names: None
basedir_coldata: .
model_ts_type_read: None
model_read_aux: None
model_use_climatology: False
colocate_time: False
flex_ts_type_gridded: True
reanalyse_existing: True
raise_exceptions: False
_log: <_io.TextIOWrapper name='./logfiles/CAM53-Oslo_7310_MG15CLM45_5feb2017IHK_53OSLO_PD_UNTUNED/AeronetSunV3Lev2.daily_20191016.log' mode='a+' encoding='UTF-8'>
logging: True
data: {'TM5_AP3-CTRL2919': {'ang4487aer': <xarray.DataArray 'ang4487aer' (data_source: 2, time: 12, station_name: 264)>
array([[[     nan, 1.128966, ...,      nan, 0.259995],
        [     nan, 0.890816, ...,      nan, 0.305093],
        ...,
        [1.346214, 0.934353, ...,      nan, 0.494529],
        [     nan,      nan, ...,      nan, 0.489275]],

       [[0.867116, 0.737737, ..., 1.355472, 0.622317],
        [0.9829  , 0.305702, ..., 1.235905, 0.443166],
        ...,
        [1.284731, 0.657773, ..., 1.386418, 0.62829 ],
        [1.142794, 0.750162, ..., 1.374116, 0.413073]]])
Coordinates:
  * data_source   (data_source) <U22 'AeronetSunV3Lev2.daily' 'TM5_AP3-CTRL2919'
    var_name      (data_source) <U10 'ang4487aer' 'ang4487aer'
    var_units     (data_source) <U1 '1' '1'
    ts_type_src   (data_source) <U7 'daily' 'monthly'
  * time          (time) datetime64[ns] 2010-01-01 2010-02-01 ... 2010-12-01
  * station_name  (station_name) <U19 'ARM_Darwin' ... 'Zinder_Airport'
    latitude      (station_name) float64 -12.43 37.97 15.35 ... 62.45 13.78
    longitude     (station_name) float64 130.9 23.72 -1.479 ... -114.4 8.99
    altitude      (station_name) float64 29.9 130.0 305.0 ... 300.0 220.8 456.0
Attributes:
    data_source:        ['AeronetSunV3Lev2.daily', 'TM5_AP3-CTRL2919']
    var_name:           ['ang4487aer', 'ang4487aer']
    ts_type:            monthly
    filter_name:        WORLD-noMOUNTAINS
    ts_type_src:        ['daily', 'monthly']
    start_str:          20100101
    stop_str:           20101231
    var_units:          ['1', '1']
    vert_scheme:        None
    data_level:         3
    revision_ref:       20190920
    from_files:         ['aerocom3_TM5_AP3-CTRL2019_od440aer_Column_2010_mont...
    from_files_ref:     None
    stations_ignored:   None
    colocate_time:      0
    apply_constraints:  1
    region:             WORLD
    lon_range:          [-180, 180]
    lat_range:          [-90, 90]
    alt_range:          [-1000000.0, 1000.0]
    _min_num_obs:       yearly,monthly,3;monthly,daily,7;daily,hourly,6;hourl...}}
file_status: {'ang4487aer_REF-AeronetSunV3Lev2.daily_MOD-TM5_AP3-CTRL2919_20100101_20101231_monthly_WORLD-noMOUNTAINS.nc': 'saved'}


Model: CAM53-Oslo_7310_MG15CLM45_5feb2017IHK_53OSLO_PD_UNTUNED
WRITE: ang4487aer_REF-AeronetSunV3Lev2.daily_MOD-CAM53-Oslo_7310_MG15CLM45_5feb2017IHK_53OSLO_PD_UNTUNED_20100101_20101231_monthly_WORLD-noMOUNTAINS.nc

------------------ NEW ----------------
Timestamp: 16-10-2019 15:41

Analysis configuration
save_coldata: True
obs_vars: ['ang4487aer']
obs_vars_rename: {}
obs_vert_type: None
model_vert_type_alt: None
read_opts_ungridded: None
obs_ts_type_read: None
model_use_vars: None
model_add_vars: None
model_keep_outliers: True
model_id: CAM53-Oslo_7310_MG15CLM45_5feb2017IHK_53OSLO_PD_UNTUNED
model_name: None
obs_id: AeronetSunV3Lev2.daily
obs_name: None
start: 2010
stop: None
ts_type: monthly
filter_name: WORLD-noMOUNTAINS
remove_outliers: True
apply_time_resampling_constraints: True
min_num_obs: {'yearly': {'monthly': 3}, 'monthly': {'daily': 7}, 'daily': {'hourly': 6}, 'hourly': {'minutely': 15}}
var_outlier_ranges: None
harmonise_units: False
vert_scheme: None
regrid_res_deg: None
ignore_station_names: None
basedir_coldata: .
model_ts_type_read: None
model_read_aux: None
model_use_climatology: False
colocate_time: False
flex_ts_type_gridded: True
reanalyse_existing: True
raise_exceptions: False
_log: <_io.TextIOWrapper name='./logfiles/CAM53-Oslo_7310_MG15CLM45_5feb2017IHK_53OSLO_PD_UNTUNED/AeronetSunV3Lev2.daily_20191016.log' mode='a+' encoding='UTF-8'>
logging: True
data: {'TM5_AP3-CTRL2919': {'ang4487aer': <xarray.DataArray 'ang4487aer' (data_source: 2, time: 12, station_name: 264)>
array([[[     nan, 1.128966, ...,      nan, 0.259995],
        [     nan, 0.890816, ...,      nan, 0.305093],
        ...,
        [1.346214, 0.934353, ...,      nan, 0.494529],
        [     nan,      nan, ...,      nan, 0.489275]],

       [[0.867116, 0.737737, ..., 1.355472, 0.622317],
        [0.9829  , 0.305702, ..., 1.235905, 0.443166],
        ...,
        [1.284731, 0.657773, ..., 1.386418, 0.62829 ],
        [1.142794, 0.750162, ..., 1.374116, 0.413073]]])
Coordinates:
  * data_source   (data_source) <U22 'AeronetSunV3Lev2.daily' 'TM5_AP3-CTRL2919'
    var_name      (data_source) <U10 'ang4487aer' 'ang4487aer'
    var_units     (data_source) <U1 '1' '1'
    ts_type_src   (data_source) <U7 'daily' 'monthly'
  * time          (time) datetime64[ns] 2010-01-01 2010-02-01 ... 2010-12-01
  * station_name  (station_name) <U19 'ARM_Darwin' ... 'Zinder_Airport'
    latitude      (station_name) float64 -12.43 37.97 15.35 ... 62.45 13.78
    longitude     (station_name) float64 130.9 23.72 -1.479 ... -114.4 8.99
    altitude      (station_name) float64 29.9 130.0 305.0 ... 300.0 220.8 456.0
Attributes:
    data_source:        ['AeronetSunV3Lev2.daily', 'TM5_AP3-CTRL2919']
    var_name:           ['ang4487aer', 'ang4487aer']
    ts_type:            monthly
    filter_name:        WORLD-noMOUNTAINS
    ts_type_src:        ['daily', 'monthly']
    start_str:          20100101
    stop_str:           20101231
    var_units:          ['1', '1']
    vert_scheme:        None
    data_level:         3
    revision_ref:       20190920
    from_files:         ['aerocom3_TM5_AP3-CTRL2019_od440aer_Column_2010_mont...
    from_files_ref:     None
    stations_ignored:   None
    colocate_time:      0
    apply_constraints:  1
    region:             WORLD
    lon_range:          [-180, 180]
    lat_range:          [-90, 90]
    alt_range:          [-1000000.0, 1000.0]
    _min_num_obs:       yearly,monthly,3;monthly,daily,7;daily,hourly,6;hourl...}}
file_status: {'ang4487aer_REF-AeronetSunV3Lev2.daily_MOD-TM5_AP3-CTRL2919_20100101_20101231_monthly_WORLD-noMOUNTAINS.nc': 'saved'}


Model: CAM53-Oslo_7310_MG15CLM45_5feb2017IHK_53OSLO_PD_UNTUNED
WRITE: ang4487aer_REF-AeronetSunV3Lev2.daily_MOD-CAM53-Oslo_7310_MG15CLM45_5feb2017IHK_53OSLO_PD_UNTUNED_20100101_20101231_monthly_WORLD-noMOUNTAINS.nc

------------------ NEW ----------------
Timestamp: 16-10-2019 15:42

Analysis configuration
save_coldata: True
obs_vars: ['ang4487aer']
obs_vars_rename: {}
obs_vert_type: None
model_vert_type_alt: None
read_opts_ungridded: None
obs_ts_type_read: None
model_use_vars: None
model_add_vars: None
model_keep_outliers: True
model_id: CAM53-Oslo_7310_MG15CLM45_5feb2017IHK_53OSLO_PD_UNTUNED
model_name: None
obs_id: AeronetSunV3Lev2.daily
obs_name: None
start: 2010
stop: None
ts_type: monthly
filter_name: WORLD-noMOUNTAINS
remove_outliers: True
apply_time_resampling_constraints: True
min_num_obs: {'yearly': {'monthly': 3}, 'monthly': {'daily': 7}, 'daily': {'hourly': 6}, 'hourly': {'minutely': 15}}
var_outlier_ranges: None
harmonise_units: False
vert_scheme: None
regrid_res_deg: None
ignore_station_names: None
basedir_coldata: .
model_ts_type_read: None
model_read_aux: None
model_use_climatology: False
colocate_time: False
flex_ts_type_gridded: True
reanalyse_existing: True
raise_exceptions: False
_log: <_io.TextIOWrapper name='./logfiles/CAM53-Oslo_7310_MG15CLM45_5feb2017IHK_53OSLO_PD_UNTUNED/AeronetSunV3Lev2.daily_20191016.log' mode='a+' encoding='UTF-8'>
logging: True
data: {'TM5_AP3-CTRL2919': {'ang4487aer': <xarray.DataArray 'ang4487aer' (data_source: 2, time: 12, station_name: 264)>
array([[[     nan, 1.128966, ...,      nan, 0.259995],
        [     nan, 0.890816, ...,      nan, 0.305093],
        ...,
        [1.346214, 0.934353, ...,      nan, 0.494529],
        [     nan,      nan, ...,      nan, 0.489275]],

       [[0.867116, 0.737737, ..., 1.355472, 0.622317],
        [0.9829  , 0.305702, ..., 1.235905, 0.443166],
        ...,
        [1.284731, 0.657773, ..., 1.386418, 0.62829 ],
        [1.142794, 0.750162, ..., 1.374116, 0.413073]]])
Coordinates:
  * data_source   (data_source) <U22 'AeronetSunV3Lev2.daily' 'TM5_AP3-CTRL2919'
    var_name      (data_source) <U10 'ang4487aer' 'ang4487aer'
    var_units     (data_source) <U1 '1' '1'
    ts_type_src   (data_source) <U7 'daily' 'monthly'
  * time          (time) datetime64[ns] 2010-01-01 2010-02-01 ... 2010-12-01
  * station_name  (station_name) <U19 'ARM_Darwin' ... 'Zinder_Airport'
    latitude      (station_name) float64 -12.43 37.97 15.35 ... 62.45 13.78
    longitude     (station_name) float64 130.9 23.72 -1.479 ... -114.4 8.99
    altitude      (station_name) float64 29.9 130.0 305.0 ... 300.0 220.8 456.0
Attributes:
    data_source:        ['AeronetSunV3Lev2.daily', 'TM5_AP3-CTRL2919']
    var_name:           ['ang4487aer', 'ang4487aer']
    ts_type:            monthly
    filter_name:        WORLD-noMOUNTAINS
    ts_type_src:        ['daily', 'monthly']
    start_str:          20100101
    stop_str:           20101231
    var_units:          ['1', '1']
    vert_scheme:        None
    data_level:         3
    revision_ref:       20190920
    from_files:         ['aerocom3_TM5_AP3-CTRL2019_od440aer_Column_2010_mont...
    from_files_ref:     None
    stations_ignored:   None
    colocate_time:      0
    apply_constraints:  1
    region:             WORLD
    lon_range:          [-180, 180]
    lat_range:          [-90, 90]
    alt_range:          [-1000000.0, 1000.0]
    _min_num_obs:       yearly,monthly,3;monthly,daily,7;daily,hourly,6;hourl...}}
file_status: {'ang4487aer_REF-AeronetSunV3Lev2.daily_MOD-TM5_AP3-CTRL2919_20100101_20101231_monthly_WORLD-noMOUNTAINS.nc': 'saved'}


Model: CAM53-Oslo_7310_MG15CLM45_5feb2017IHK_53OSLO_PD_UNTUNED
WRITE: ang4487aer_REF-AeronetSunV3Lev2.daily_MOD-CAM53-Oslo_7310_MG15CLM45_5feb2017IHK_53OSLO_PD_UNTUNED_20100101_20101231_monthly_WORLD-noMOUNTAINS.nc
=======
>>>>>>> master
